<?xml version="1.0" encoding="UTF-8"?>
<!-- Generated by org.testng.reporters.JUnitReportReporter -->
<testsuite skipped="0" hostname="LAPTOP-T3UANJN2" name="com.tutorialsninja.testsuite.LaptopsAndNotebooksPageTest" tests="2" failures="0" timestamp="2022-12-13T17:39:31 GMT" time="17.494" errors="1">
  <testcase name="verifyProductsPriceDisplayHighToLowSuccessfully" time="10.002" classname="com.tutorialsninja.testsuite.LaptopsAndNotebooksPageTest"/>
  <system-out>
    <![CDATA[Mouse Hovering to LaptopsNotebooks and Clicking on it: [[ChromeDriver: chrome on WINDOWS (1457af15ba1bdbfd69a3b12ad9ab55e0)] -> link text: Laptops & Notebooks]
Arranging product in high to low order: ]]>
  </system-out>
  <testcase name="verifyThatUserPlaceOrderSuccessfully" time="7.492" classname="com.tutorialsninja.testsuite.LaptopsAndNotebooksPageTest">
    <error type="java.lang.NullPointerException">
      <![CDATA[java.lang.NullPointerException
at com.tutorialsninja.testsuite.LaptopsAndNotebooksPageTest.verifyThatUserPlaceOrderSuccessfully(LaptopsAndNotebooksPageTest.java:54)
at sun.reflect.NativeMethodAccessorImpl.invoke0(Native Method)
at sun.reflect.NativeMethodAccessorImpl.invoke(NativeMethodAccessorImpl.java:62)
at sun.reflect.DelegatingMethodAccessorImpl.invoke(DelegatingMethodAccessorImpl.java:43)
at java.lang.reflect.Method.invoke(Method.java:498)
at org.testng.internal.invokers.MethodInvocationHelper.invokeMethod(MethodInvocationHelper.java:135)
at org.testng.internal.invokers.TestInvoker.invokeMethod(TestInvoker.java:673)
at org.testng.internal.invokers.TestInvoker.invokeTestMethod(TestInvoker.java:220)
at org.testng.internal.invokers.MethodRunner.runInSequence(MethodRunner.java:50)
at org.testng.internal.invokers.TestInvoker$MethodInvocationAgent.invoke(TestInvoker.java:945)
at org.testng.internal.invokers.TestInvoker.invokeTestMethods(TestInvoker.java:193)
at org.testng.internal.invokers.TestMethodWorker.invokeTestMethods(TestMethodWorker.java:146)
at org.testng.internal.invokers.TestMethodWorker.run(TestMethodWorker.java:128)
at java.util.ArrayList.forEach(ArrayList.java:1249)
at org.testng.TestRunner.privateRun(TestRunner.java:808)
at org.testng.TestRunner.run(TestRunner.java:603)
at org.testng.SuiteRunner.runTest(SuiteRunner.java:429)
at org.testng.SuiteRunner.runSequentially(SuiteRunner.java:423)
at org.testng.SuiteRunner.privateRun(SuiteRunner.java:383)
at org.testng.SuiteRunner.run(SuiteRunner.java:326)
at org.testng.SuiteRunnerWorker.runSuite(SuiteRunnerWorker.java:52)
at org.testng.SuiteRunnerWorker.run(SuiteRunnerWorker.java:95)
at org.testng.TestNG.runSuitesSequentially(TestNG.java:1249)
at org.testng.TestNG.runSuitesLocally(TestNG.java:1169)
at org.testng.TestNG.runSuites(TestNG.java:1092)
at org.testng.TestNG.run(TestNG.java:1060)
at com.intellij.rt.testng.IDEARemoteTestNG.run(IDEARemoteTestNG.java:66)
at com.intellij.rt.testng.RemoteTestNGStarter.main(RemoteTestNGStarter.java:109)
]]>
    </error>
  </testcase> <!-- verifyThatUserPlaceOrderSuccessfully -->
  <system-out>
    <![CDATA[Clicking on currency dropdown
Mouse Hovering to LaptopsNotebooks and Clicking on it: [[ChromeDriver: chrome on WINDOWS (0136bda4f85616d55d5035a2011bf24e)] -> link text: Laptops & Notebooks]
Clicking pn MacBook Menu
Verify Macbook error Message [[ChromeDriver: chrome on WINDOWS (0136bda4f85616d55d5035a2011bf24e)] -> xpath: //h1[contains(text(),'MacBook')]]
mac book add to cart[[ChromeDriver: chrome on WINDOWS (0136bda4f85616d55d5035a2011bf24e)] -> xpath: //button[@id='button-cart']]
Click on shopping cart button[[ChromeDriver: chrome on WINDOWS (0136bda4f85616d55d5035a2011bf24e)] -> xpath: //a[contains(text(),'shopping cart')]]
Enter shoppingcart text error message [[ChromeDriver: chrome on WINDOWS (0136bda4f85616d55d5035a2011bf24e)] -> xpath: //div[@id='content']/h1[contains(text(), 'Shopping Cart')]]
Verify Macbook name error message[[ChromeDriver: chrome on WINDOWS (0136bda4f85616d55d5035a2011bf24e)] -> xpath: //div[@class = 'table-responsive']/table/tbody/tr/td[2]/a]
Verify macbook total error message[[ChromeDriver: chrome on WINDOWS (0136bda4f85616d55d5035a2011bf24e)] -> xpath: //div[@class = 'table-responsive']/table/tbody/tr/td[6]]
Click on check button[[ChromeDriver: chrome on WINDOWS (0136bda4f85616d55d5035a2011bf24e)] -> xpath: //a[contains(text(),'Checkout')]]
Click to see screenshot
<a target = "_blank" href=C:\Users\topig\IdeaProjects\com-tutorialninja-pagefactory-sw5/test-output/html/verifyThatUserPlaceOrderSuccessfullyTue_Dec_13_17_39_09_GMT_2022.jpg>Screenshot</a>
<br>
<br>
<a target = "_blank" href=C:\Users\topig\IdeaProjects\com-tutorialninja-pagefactory-sw5/test-output/html/verifyThatUserPlaceOrderSuccessfullyTue_Dec_13_17_39_09_GMT_2022.jpg><img src=C:\Users\topig\IdeaProjects\com-tutorialninja-pagefactory-sw5/test-output/html/verifyThatUserPlaceOrderSuccessfullyTue_Dec_13_17_39_09_GMT_2022.jpg height=200 width=200></img></a>]]>
  </system-out>
</testsuite> <!-- com.tutorialsninja.testsuite.LaptopsAndNotebooksPageTest -->
