<?xml version="1.0" encoding="UTF-8"?>
<!-- Generated by org.testng.reporters.JUnitReportReporter -->
<testsuite skipped="0" hostname="LAPTOP-T3UANJN2" name="com.tutorialsninja.testsuite.HomePageTest" tests="3" failures="0" timestamp="2022-12-13T17:39:31 GMT" time="12.563" errors="0">
  <testcase name="verifyUserShouldNavigateToLaptopsAndNotebooksPageSuccessfully" time="4.125" classname="com.tutorialsninja.testsuite.HomePageTest"/>
  <system-out>
    <![CDATA[Mouse Hovering to LaptopsNotebooks and Clicking on it: [[ChromeDriver: chrome on WINDOWS (4350d2987b35d395f06831a79384ec5b)] -> link text: Laptops & Notebooks]
Navigating to laptops and notebooks error message: [[ChromeDriver: chrome on WINDOWS (4350d2987b35d395f06831a79384ec5b)] -> xpath: //h2[contains(text(),'Laptops & Notebooks')]]]]>
  </system-out>
  <testcase name="verifyUserShouldNavigateToComponentsPageSuccessfully" time="4.065" classname="com.tutorialsninja.testsuite.HomePageTest"/>
  <system-out>
    <![CDATA[Mouse Hovering to Components and Clicking on it: [[ChromeDriver: chrome on WINDOWS (6f2c63983e127d12e315ff3918100518)] -> link text: Components]
verify navigate to components error message[[ChromeDriver: chrome on WINDOWS (6f2c63983e127d12e315ff3918100518)] -> xpath: //h2[contains(text(),'Components')]]]]>
  </system-out>
  <testcase name="verifyUserShouldNavigateToDesktopsPageSuccessfully" time="4.373" classname="com.tutorialsninja.testsuite.HomePageTest"/>
  <system-out>
    <![CDATA[Mouse Hovering to Desktop and Clicking on it: [[ChromeDriver: chrome on WINDOWS (fabc2bad83451fcab1302999d15bcb2f)] -> link text: Desktops]
Navigate to desktop error message]]>
  </system-out>
</testsuite> <!-- com.tutorialsninja.testsuite.HomePageTest -->
